Building DAG of jobs...
Using shell: /usr/bin/bash
Provided cluster nodes: 100
Job stats:
job                         count
------------------------  -------
all                             1
rlz_repair                      5
rlz_repair_decompression        5
total                          11

Select jobs to execute...

[Sun Feb  9 15:13:18 2025]
rule rlz_repair:
    input: /blue/boucher/rvarki/rlz-repair_analysis/sequences/rlz-repair/SARS/25/SARS.25k.fa, /blue/boucher/rvarki/rlz-repair_analysis/references/SARS/SARS.fa, /blue/boucher/rvarki/Testing/RLZ-RePair/build/rlz-repair
    output: sequences/rlz-repair/SARS/25/SARS.25.fa.rlz, sequences/rlz-repair/SARS/25/SARS.25.fa.R, sequences/rlz-repair/SARS/25/SARS.25.fa.C
    jobid: 1
    benchmark: benchmarks/rlz-repair/SARS/SARS.25.rlz-repair.compress.benchmark.txt
    reason: Missing output files: sequences/rlz-repair/SARS/25/SARS.25.fa.rlz, sequences/rlz-repair/SARS/25/SARS.25.fa.R, sequences/rlz-repair/SARS/25/SARS.25.fa.C
    wildcards: prefix=SARS, ref=25
    resources: mem_mb=1433, mem_mib=1367, disk_mb=1433, disk_mib=1367, tmpdir=<TBD>

Submitted job 1 with external jobid 'Submitted batch job 57944858'.

[Sun Feb  9 15:13:18 2025]
rule rlz_repair:
    input: /blue/boucher/rvarki/rlz-repair_analysis/sequences/rlz-repair/SARS/200/SARS.200k.fa, /blue/boucher/rvarki/rlz-repair_analysis/references/SARS/SARS.fa, /blue/boucher/rvarki/Testing/RLZ-RePair/build/rlz-repair
    output: sequences/rlz-repair/SARS/200/SARS.200.fa.rlz, sequences/rlz-repair/SARS/200/SARS.200.fa.R, sequences/rlz-repair/SARS/200/SARS.200.fa.C
    jobid: 7
    benchmark: benchmarks/rlz-repair/SARS/SARS.200.rlz-repair.compress.benchmark.txt
    reason: Missing output files: sequences/rlz-repair/SARS/200/SARS.200.fa.C, sequences/rlz-repair/SARS/200/SARS.200.fa.R, sequences/rlz-repair/SARS/200/SARS.200.fa.rlz
    wildcards: prefix=SARS, ref=200
    resources: mem_mb=11461, mem_mib=10931, disk_mb=11461, disk_mib=10931, tmpdir=<TBD>

Submitted job 7 with external jobid 'Submitted batch job 57944859'.

[Sun Feb  9 15:13:18 2025]
rule rlz_repair:
    input: /blue/boucher/rvarki/rlz-repair_analysis/sequences/rlz-repair/SARS/100/SARS.100k.fa, /blue/boucher/rvarki/rlz-repair_analysis/references/SARS/SARS.fa, /blue/boucher/rvarki/Testing/RLZ-RePair/build/rlz-repair
    output: sequences/rlz-repair/SARS/100/SARS.100.fa.rlz, sequences/rlz-repair/SARS/100/SARS.100.fa.R, sequences/rlz-repair/SARS/100/SARS.100.fa.C
    jobid: 5
    benchmark: benchmarks/rlz-repair/SARS/SARS.100.rlz-repair.compress.benchmark.txt
    reason: Missing output files: sequences/rlz-repair/SARS/100/SARS.100.fa.rlz, sequences/rlz-repair/SARS/100/SARS.100.fa.C, sequences/rlz-repair/SARS/100/SARS.100.fa.R
    wildcards: prefix=SARS, ref=100
    resources: mem_mb=5731, mem_mib=5466, disk_mb=5731, disk_mib=5466, tmpdir=<TBD>

Submitted job 5 with external jobid 'Submitted batch job 57944860'.

[Sun Feb  9 15:13:18 2025]
rule rlz_repair:
    input: /blue/boucher/rvarki/rlz-repair_analysis/sequences/rlz-repair/SARS/400/SARS.400k.fa, /blue/boucher/rvarki/rlz-repair_analysis/references/SARS/SARS.fa, /blue/boucher/rvarki/Testing/RLZ-RePair/build/rlz-repair
    output: sequences/rlz-repair/SARS/400/SARS.400.fa.rlz, sequences/rlz-repair/SARS/400/SARS.400.fa.R, sequences/rlz-repair/SARS/400/SARS.400.fa.C
    jobid: 9
    benchmark: benchmarks/rlz-repair/SARS/SARS.400.rlz-repair.compress.benchmark.txt
    reason: Missing output files: sequences/rlz-repair/SARS/400/SARS.400.fa.C, sequences/rlz-repair/SARS/400/SARS.400.fa.rlz, sequences/rlz-repair/SARS/400/SARS.400.fa.R
    wildcards: prefix=SARS, ref=400
    resources: mem_mb=22922, mem_mib=21861, disk_mb=22922, disk_mib=21861, tmpdir=<TBD>

Submitted job 9 with external jobid 'Submitted batch job 57944861'.

[Sun Feb  9 15:13:18 2025]
rule rlz_repair:
    input: /blue/boucher/rvarki/rlz-repair_analysis/sequences/rlz-repair/SARS/50/SARS.50k.fa, /blue/boucher/rvarki/rlz-repair_analysis/references/SARS/SARS.fa, /blue/boucher/rvarki/Testing/RLZ-RePair/build/rlz-repair
    output: sequences/rlz-repair/SARS/50/SARS.50.fa.rlz, sequences/rlz-repair/SARS/50/SARS.50.fa.R, sequences/rlz-repair/SARS/50/SARS.50.fa.C
    jobid: 3
    benchmark: benchmarks/rlz-repair/SARS/SARS.50.rlz-repair.compress.benchmark.txt
    reason: Missing output files: sequences/rlz-repair/SARS/50/SARS.50.fa.R, sequences/rlz-repair/SARS/50/SARS.50.fa.rlz, sequences/rlz-repair/SARS/50/SARS.50.fa.C
    wildcards: prefix=SARS, ref=50
    resources: mem_mb=2867, mem_mib=2735, disk_mb=2867, disk_mib=2735, tmpdir=<TBD>

Submitted job 3 with external jobid 'Submitted batch job 57944862'.
